>>>>>>>>>>>>>>>> []
/home/bhavya/Downloads/ns-allinone-3.19-submitted to vinay sir/ns-3.19/src/propagation/bindings/modulegen__gcc_LP64.py:343: Warning: exception TypeLookupError(['std::_List_const_iterator< ns3::AttributeConstructionList::Item >'],) in wrapper public: retval? ???::Begin (params?) const;
  is_const=True)
/home/bhavya/Downloads/ns-allinone-3.19-submitted to vinay sir/ns-3.19/src/propagation/bindings/modulegen__gcc_LP64.py:348: Warning: exception TypeLookupError(['std::_List_const_iterator< ns3::AttributeConstructionList::Item >'],) in wrapper public: retval? ???::End (params?) const;
  is_const=True)
/home/bhavya/Downloads/ns-allinone-3.19-submitted to vinay sir/ns-3.19/src/propagation/bindings/modulegen__gcc_LP64.py:488: Warning: exception TypeConfigurationError('Missing transfer_ownership option',) in wrapper public: retval? ???::Delete (params?);
  is_static=True)
/home/bhavya/Downloads/ns-allinone-3.19-submitted to vinay sir/ns-3.19/src/propagation/bindings/modulegen__gcc_LP64.py:560: Warning: exception TypeLookupError(['ns3::Callback< ns3::ObjectBase *, ns3::empty, ns3::empty, ns3::empty, ns3::empty, ns3::empty, ns3::empty, ns3::empty, ns3::empty, ns3::empty >'],) in wrapper public: retval? ???::GetConstructor (params?) const;
  is_const=True)
/home/bhavya/Downloads/ns-allinone-3.19-submitted to vinay sir/ns-3.19/src/propagation/bindings/modulegen__gcc_LP64.py:639: Warning: exception TypeConfigurationError('Missing transfer_ownership option',) in wrapper public: retval? ???::LookupByHashFailSafe (params?);
  is_static=True)
bindings/python/ns3modulegen-modular.py:27: UserWarning: exception TypeLookupError(['short unsigned int'],) in wrapper None
  warnings.warn("exception %r in wrapper %s" % (exception, wrapper))
/home/bhavya/Downloads/ns-allinone-3.19-submitted to vinay sir/ns-3.19/src/propagation/bindings/modulegen__gcc_LP64.py:1062: Warning: exception TypeLookupError(['ns3::RngStream *'],) in wrapper protected: retval? ???::Peek (params?) const;
  is_const=True, visibility='protected')
/home/bhavya/Downloads/ns-allinone-3.19-submitted to vinay sir/ns-3.19/src/propagation/bindings/modulegen__gcc_LP64.py:2307: Warning: exception TypeLookupError(['std::complex< double >'],) in wrapper public: retval? ???::GetComplexGain (params?) const;
  is_const=True)
/home/bhavya/Downloads/ns-allinone-3.19-submitted to vinay sir/ns-3.19/src/propagation/bindings/modulegen__gcc_LP64.py:2864: Warning: exception TypeLookupError(['ns3::Hash::Hash32Function_ptr'],) in wrapper <pybindgen.cppmethod.CppConstructor object at 0x7fc8c72dafd0>
  cls.add_constructor([param('ns3::Hash::Hash32Function_ptr', 'hp')])
/home/bhavya/Downloads/ns-allinone-3.19-submitted to vinay sir/ns-3.19/src/propagation/bindings/modulegen__gcc_LP64.py:2881: Warning: exception TypeLookupError(['ns3::Hash::Hash64Function_ptr'],) in wrapper <pybindgen.cppmethod.CppConstructor object at 0x7fc8c72eb0d0>
  cls.add_constructor([param('ns3::Hash::Hash64Function_ptr', 'hp')])
bindings/python/ns3modulegen-modular.py:27: UserWarning: exception CodeGenerationError('ns3::PropagationDelayModel cannot be constructed (class has pure virtual methods)',) in wrapper <pybindgen.CppClass 'ns3::PropagationDelayModel'>
  warnings.warn("exception %r in wrapper %s" % (exception, wrapper))
