>>>>>>>>>>>>>>>> [['void', 'ns3::Ptr<ns3::Socket>', 'ns3::empty', 'ns3::empty', 'ns3::empty', 'ns3::empty', 'ns3::empty', 'ns3::empty', 'ns3::empty', 'ns3::empty'], ['void', 'ns3::Ptr<ns3::Socket>', 'unsigned int', 'ns3::empty', 'ns3::empty', 'ns3::empty', 'ns3::empty', 'ns3::empty', 'ns3::empty', 'ns3::empty'], ['void', 'ns3::Ptr<ns3::Socket>', 'ns3::Address const&', 'ns3::empty', 'ns3::empty', 'ns3::empty', 'ns3::empty', 'ns3::empty', 'ns3::empty', 'ns3::empty'], ['bool', 'ns3::Ptr<ns3::Socket>', 'ns3::Address const&', 'ns3::empty', 'ns3::empty', 'ns3::empty', 'ns3::empty', 'ns3::empty', 'ns3::empty', 'ns3::empty'], ['void', 'ns3::Ptr<ns3::NetDevice>', 'ns3::Ptr<ns3::Packet const>', 'unsigned short', 'ns3::Address const&', 'ns3::Address const&', 'ns3::NetDevice::PacketType', 'ns3::empty', 'ns3::empty', 'ns3::empty']]
***** registering callback handler: 'ns3::Callback< void, ns3::Ptr< ns3::Socket >, ns3::empty, ns3::empty, ns3::empty, ns3::empty, ns3::empty, ns3::empty, ns3::empty, ns3::empty >'
***** registering callback handler: 'ns3::Callback< void, ns3::Ptr< ns3::Socket >, unsigned int, ns3::empty, ns3::empty, ns3::empty, ns3::empty, ns3::empty, ns3::empty, ns3::empty >'
***** registering callback handler: 'ns3::Callback< void, ns3::Ptr< ns3::Socket >, ns3::Address const &, ns3::empty, ns3::empty, ns3::empty, ns3::empty, ns3::empty, ns3::empty, ns3::empty >'
***** registering callback handler: 'ns3::Callback< bool, ns3::Ptr< ns3::Socket >, ns3::Address const &, ns3::empty, ns3::empty, ns3::empty, ns3::empty, ns3::empty, ns3::empty, ns3::empty >'
***** registering callback handler: 'ns3::Callback< void, ns3::Ptr< ns3::NetDevice >, ns3::Ptr< ns3::Packet const >, unsigned short, ns3::Address const &, ns3::Address const &, ns3::NetDevice::PacketType, ns3::empty, ns3::empty, ns3::empty >'
/home/bhavya/Downloads/ns-allinone-3.19-submitted to vinay sir/ns-3.19/src/visualizer/bindings/modulegen__gcc_LP64.py:539: Warning: exception TypeConfigurationError('direction not given',) in wrapper <pybindgen.cppmethod.CppConstructor object at 0x7f0951417c10>
  cls.add_constructor([param('uint8_t', 'type'), param('uint8_t const *', 'buffer'), param('uint8_t', 'len')])
/home/bhavya/Downloads/ns-allinone-3.19-submitted to vinay sir/ns-3.19/src/visualizer/bindings/modulegen__gcc_LP64.py:550: Warning: exception TypeConfigurationError('direction not given',) in wrapper public: retval? ???::CopyAllFrom (params?);
  [param('uint8_t const *', 'buffer'), param('uint8_t', 'len')])
/home/bhavya/Downloads/ns-allinone-3.19-submitted to vinay sir/ns-3.19/src/visualizer/bindings/modulegen__gcc_LP64.py:555: Warning: exception TypeConfigurationError('direction not given',) in wrapper public: retval? ???::CopyAllTo (params?) const;
  is_const=True)
/home/bhavya/Downloads/ns-allinone-3.19-submitted to vinay sir/ns-3.19/src/visualizer/bindings/modulegen__gcc_LP64.py:559: Warning: exception TypeConfigurationError('direction not given',) in wrapper public: retval? ???::CopyFrom (params?);
  [param('uint8_t const *', 'buffer'), param('uint8_t', 'len')])
/home/bhavya/Downloads/ns-allinone-3.19-submitted to vinay sir/ns-3.19/src/visualizer/bindings/modulegen__gcc_LP64.py:564: Warning: exception TypeConfigurationError('direction not given',) in wrapper public: retval? ???::CopyTo (params?) const;
  is_const=True)
/home/bhavya/Downloads/ns-allinone-3.19-submitted to vinay sir/ns-3.19/src/visualizer/bindings/modulegen__gcc_LP64.py:614: Warning: exception TypeLookupError(['std::_List_const_iterator< ns3::AttributeConstructionList::Item >'],) in wrapper public: retval? ???::Begin (params?) const;
  is_const=True)
/home/bhavya/Downloads/ns-allinone-3.19-submitted to vinay sir/ns-3.19/src/visualizer/bindings/modulegen__gcc_LP64.py:619: Warning: exception TypeLookupError(['std::_List_const_iterator< ns3::AttributeConstructionList::Item >'],) in wrapper public: retval? ???::End (params?) const;
  is_const=True)
/home/bhavya/Downloads/ns-allinone-3.19-submitted to vinay sir/ns-3.19/src/visualizer/bindings/modulegen__gcc_LP64.py:670: Warning: exception TypeLookupError(['std::ostream *'],) in wrapper public: retval? ???::CopyData (params?) const;
  is_const=True)
/home/bhavya/Downloads/ns-allinone-3.19-submitted to vinay sir/ns-3.19/src/visualizer/bindings/modulegen__gcc_LP64.py:675: Warning: exception TypeConfigurationError('direction not given',) in wrapper public: retval? ???::CopyData (params?) const;
  is_const=True)
/home/bhavya/Downloads/ns-allinone-3.19-submitted to vinay sir/ns-3.19/src/visualizer/bindings/modulegen__gcc_LP64.py:689: Warning: exception TypeConfigurationError('direction not given',) in wrapper public: retval? ???::Deserialize (params?);
  [param('uint8_t const *', 'buffer'), param('uint32_t', 'size')])
/home/bhavya/Downloads/ns-allinone-3.19-submitted to vinay sir/ns-3.19/src/visualizer/bindings/modulegen__gcc_LP64.py:719: Warning: exception TypeLookupError(['uint8_t *'],) in wrapper public: retval? ???::PeekData (params?) const;
  is_const=True)
/home/bhavya/Downloads/ns-allinone-3.19-submitted to vinay sir/ns-3.19/src/visualizer/bindings/modulegen__gcc_LP64.py:732: Warning: exception TypeConfigurationError('direction not given',) in wrapper public: retval? ???::Serialize (params?) const;
  is_const=True)
/home/bhavya/Downloads/ns-allinone-3.19-submitted to vinay sir/ns-3.19/src/visualizer/bindings/modulegen__gcc_LP64.py:787: Warning: exception TypeConfigurationError('direction not given',) in wrapper public: retval? ???::Read (params?);
  [param('uint8_t *', 'buffer'), param('uint32_t', 'size')])
/home/bhavya/Downloads/ns-allinone-3.19-submitted to vinay sir/ns-3.19/src/visualizer/bindings/modulegen__gcc_LP64.py:831: Warning: exception TypeConfigurationError('direction not given',) in wrapper public: retval? ???::Write (params?);
  [param('uint8_t const *', 'buffer'), param('uint32_t', 'size')])
/home/bhavya/Downloads/ns-allinone-3.19-submitted to vinay sir/ns-3.19/src/visualizer/bindings/modulegen__gcc_LP64.py:1017: Warning: exception TypeLookupError(['ns3::Ptr< ns3::EventImpl > &'],) in wrapper <pybindgen.cppmethod.CppConstructor object at 0x7f09512e4ed0>
  cls.add_constructor([param('ns3::Ptr< ns3::EventImpl > const &', 'impl'), param('uint64_t', 'ts'), param('uint32_t', 'context'), param('uint32_t', 'uid')])
/home/bhavya/Downloads/ns-allinone-3.19-submitted to vinay sir/ns-3.19/src/visualizer/bindings/modulegen__gcc_LP64.py:1051: Warning: exception TypeConfigurationError('Either caller_owns_return or self.reference_existing_object must be given',) in wrapper public: retval? ???::PeekEventImpl (params?) const;
  is_const=True)
/home/bhavya/Downloads/ns-allinone-3.19-submitted to vinay sir/ns-3.19/src/visualizer/bindings/modulegen__gcc_LP64.py:1245: Warning: exception TypeConfigurationError('direction not given',) in wrapper public: retval? ???::Deserialize (params?);
  is_static=True)
/home/bhavya/Downloads/ns-allinone-3.19-submitted to vinay sir/ns-3.19/src/visualizer/bindings/modulegen__gcc_LP64.py:1310: Warning: exception TypeLookupError(['std::ostream &'],) in wrapper public: retval? ???::Print (params?) const;
  is_const=True)
/home/bhavya/Downloads/ns-allinone-3.19-submitted to vinay sir/ns-3.19/src/visualizer/bindings/modulegen__gcc_LP64.py:1315: Warning: exception TypeConfigurationError('direction not given',) in wrapper public: retval? ???::Serialize (params?) const;
  is_const=True)
/home/bhavya/Downloads/ns-allinone-3.19-submitted to vinay sir/ns-3.19/src/visualizer/bindings/modulegen__gcc_LP64.py:1443: Warning: exception TypeLookupError(['std::ostream &'],) in wrapper public: retval? ???::Print (params?) const;
  is_const=True)
/home/bhavya/Downloads/ns-allinone-3.19-submitted to vinay sir/ns-3.19/src/visualizer/bindings/modulegen__gcc_LP64.py:1460: Warning: exception TypeConfigurationError('direction not given',) in wrapper <pybindgen.cppmethod.CppConstructor object at 0x7f09511decd0>
  cls.add_constructor([param('uint8_t *', 'address')])
/home/bhavya/Downloads/ns-allinone-3.19-submitted to vinay sir/ns-3.19/src/visualizer/bindings/modulegen__gcc_LP64.py:1478: Warning: exception TypeConfigurationError('direction not given',) in wrapper public: retval? ???::Deserialize (params?);
  is_static=True)
/home/bhavya/Downloads/ns-allinone-3.19-submitted to vinay sir/ns-3.19/src/visualizer/bindings/modulegen__gcc_LP64.py:1503: Warning: exception TypeConfigurationError('direction not given',) in wrapper public: retval? ???::GetBytes (params?) const;
  is_const=True)
/home/bhavya/Downloads/ns-allinone-3.19-submitted to vinay sir/ns-3.19/src/visualizer/bindings/modulegen__gcc_LP64.py:1592: Warning: exception TypeLookupError(['ns3::Mac16Address'],) in wrapper public: retval? ???::MakeAutoconfiguredAddress (params?);
  is_static=True)
/home/bhavya/Downloads/ns-allinone-3.19-submitted to vinay sir/ns-3.19/src/visualizer/bindings/modulegen__gcc_LP64.py:1602: Warning: exception TypeLookupError(['ns3::Mac64Address'],) in wrapper public: retval? ???::MakeAutoconfiguredAddress (params?);
  is_static=True)
/home/bhavya/Downloads/ns-allinone-3.19-submitted to vinay sir/ns-3.19/src/visualizer/bindings/modulegen__gcc_LP64.py:1607: Warning: exception TypeLookupError(['ns3::Mac16Address'],) in wrapper public: retval? ???::MakeAutoconfiguredLinkLocalAddress (params?);
  is_static=True)
/home/bhavya/Downloads/ns-allinone-3.19-submitted to vinay sir/ns-3.19/src/visualizer/bindings/modulegen__gcc_LP64.py:1617: Warning: exception TypeLookupError(['ns3::Mac64Address'],) in wrapper public: retval? ???::MakeAutoconfiguredLinkLocalAddress (params?);
  is_static=True)
/home/bhavya/Downloads/ns-allinone-3.19-submitted to vinay sir/ns-3.19/src/visualizer/bindings/modulegen__gcc_LP64.py:1632: Warning: exception TypeLookupError(['std::ostream &'],) in wrapper public: retval? ???::Print (params?) const;
  is_const=True)
/home/bhavya/Downloads/ns-allinone-3.19-submitted to vinay sir/ns-3.19/src/visualizer/bindings/modulegen__gcc_LP64.py:1637: Warning: exception TypeConfigurationError('direction not given',) in wrapper public: retval? ???::Serialize (params?) const;
  is_const=True)
/home/bhavya/Downloads/ns-allinone-3.19-submitted to vinay sir/ns-3.19/src/visualizer/bindings/modulegen__gcc_LP64.py:1645: Warning: exception TypeConfigurationError('direction not given',) in wrapper public: retval? ???::Set (params?);
  [param('uint8_t *', 'address')])
/home/bhavya/Downloads/ns-allinone-3.19-submitted to vinay sir/ns-3.19/src/visualizer/bindings/modulegen__gcc_LP64.py:1710: Warning: exception TypeConfigurationError('direction not given',) in wrapper <pybindgen.cppmethod.CppConstructor object at 0x7f09511c9950>
  cls.add_constructor([param('uint8_t *', 'prefix')])
/home/bhavya/Downloads/ns-allinone-3.19-submitted to vinay sir/ns-3.19/src/visualizer/bindings/modulegen__gcc_LP64.py:1723: Warning: exception TypeConfigurationError('direction not given',) in wrapper public: retval? ???::GetBytes (params?) const;
  is_const=True)
/home/bhavya/Downloads/ns-allinone-3.19-submitted to vinay sir/ns-3.19/src/visualizer/bindings/modulegen__gcc_LP64.py:1758: Warning: exception TypeLookupError(['std::ostream &'],) in wrapper public: retval? ???::Print (params?) const;
  is_const=True)
/home/bhavya/Downloads/ns-allinone-3.19-submitted to vinay sir/ns-3.19/src/visualizer/bindings/modulegen__gcc_LP64.py:1785: Warning: exception TypeConfigurationError('direction not given',) in wrapper public: retval? ???::CopyFrom (params?);
  [param('uint8_t const *', 'buffer')])
/home/bhavya/Downloads/ns-allinone-3.19-submitted to vinay sir/ns-3.19/src/visualizer/bindings/modulegen__gcc_LP64.py:1790: Warning: exception TypeConfigurationError('direction not given',) in wrapper public: retval? ???::CopyTo (params?) const;
  is_const=True)
/home/bhavya/Downloads/ns-allinone-3.19-submitted to vinay sir/ns-3.19/src/visualizer/bindings/modulegen__gcc_LP64.py:1903: Warning: exception TypeConfigurationError('Missing transfer_ownership option',) in wrapper public: retval? ???::Delete (params?);
  is_static=True)
/home/bhavya/Downloads/ns-allinone-3.19-submitted to vinay sir/ns-3.19/src/visualizer/bindings/modulegen__gcc_LP64.py:1976: Warning: exception TypeConfigurationError('direction not given',) in wrapper public: retval? ???::Deserialize (params?);
  [param('uint8_t const *', 'buffer'), param('uint32_t', 'size')])
/home/bhavya/Downloads/ns-allinone-3.19-submitted to vinay sir/ns-3.19/src/visualizer/bindings/modulegen__gcc_LP64.py:2017: Warning: exception TypeConfigurationError('direction not given',) in wrapper public: retval? ???::Serialize (params?) const;
  is_const=True)
bindings/python/ns3modulegen-modular.py:27: UserWarning: exception TypeLookupError(['uint8_t [ 20 ]'],) in wrapper None
  warnings.warn("exception %r in wrapper %s" % (exception, wrapper))
bindings/python/ns3modulegen-modular.py:27: UserWarning: exception TypeConfigurationError('Either caller_owns_return or self.reference_existing_object must be given',) in wrapper None
  warnings.warn("exception %r in wrapper %s" % (exception, wrapper))
/home/bhavya/Downloads/ns-allinone-3.19-submitted to vinay sir/ns-3.19/src/visualizer/bindings/modulegen__gcc_LP64.py:2351: Warning: exception TypeLookupError(['ns3::Ptr< ns3::SimulatorImpl >', 'ns3::SimulatorImpl *'],) in wrapper public: retval? ???::GetImplementation (params?);
  is_static=True)
/home/bhavya/Downloads/ns-allinone-3.19-submitted to vinay sir/ns-3.19/src/visualizer/bindings/modulegen__gcc_LP64.py:2386: Warning: exception TypeLookupError(['ns3::Ptr< ns3::SimulatorImpl >', 'ns3::SimulatorImpl *'],) in wrapper public: retval? ???::SetImplementation (params?);
  is_static=True)
/home/bhavya/Downloads/ns-allinone-3.19-submitted to vinay sir/ns-3.19/src/visualizer/bindings/modulegen__gcc_LP64.py:2428: Warning: exception TypeLookupError(['std::ostream &'],) in wrapper public: virtual retval? ???::Print (params?) const = 0;
  is_pure_virtual=True, is_const=True, is_virtual=True)
/home/bhavya/Downloads/ns-allinone-3.19-submitted to vinay sir/ns-3.19/src/visualizer/bindings/modulegen__gcc_LP64.py:2440: Warning: exception TypeConfigurationError('direction not given',) in wrapper <pybindgen.cppmethod.CppConstructor object at 0x7f0950f7cd90>
  cls.add_constructor([param('uint8_t *', 'start'), param('uint8_t *', 'end')])
/home/bhavya/Downloads/ns-allinone-3.19-submitted to vinay sir/ns-3.19/src/visualizer/bindings/modulegen__gcc_LP64.py:2448: Warning: exception TypeConfigurationError('direction not given',) in wrapper public: retval? ???::Read (params?);
  [param('uint8_t *', 'buffer'), param('uint32_t', 'size')])
/home/bhavya/Downloads/ns-allinone-3.19-submitted to vinay sir/ns-3.19/src/visualizer/bindings/modulegen__gcc_LP64.py:2476: Warning: exception TypeConfigurationError('direction not given',) in wrapper public: retval? ???::Write (params?);
  [param('uint8_t const *', 'buffer'), param('uint32_t', 'size')])
/home/bhavya/Downloads/ns-allinone-3.19-submitted to vinay sir/ns-3.19/src/visualizer/bindings/modulegen__gcc_LP64.py:2625: Warning: exception TypeLookupError(['ns3::Callback< ns3::ObjectBase *, ns3::empty, ns3::empty, ns3::empty, ns3::empty, ns3::empty, ns3::empty, ns3::empty, ns3::empty, ns3::empty >'],) in wrapper public: retval? ???::GetConstructor (params?) const;
  is_const=True)
/home/bhavya/Downloads/ns-allinone-3.19-submitted to vinay sir/ns-3.19/src/visualizer/bindings/modulegen__gcc_LP64.py:2704: Warning: exception TypeConfigurationError('Missing transfer_ownership option',) in wrapper public: retval? ???::LookupByHashFailSafe (params?);
  is_static=True)
bindings/python/ns3modulegen-modular.py:27: UserWarning: exception TypeLookupError(['short unsigned int'],) in wrapper None
  warnings.warn("exception %r in wrapper %s" % (exception, wrapper))
/home/bhavya/Downloads/ns-allinone-3.19-submitted to vinay sir/ns-3.19/src/visualizer/bindings/modulegen__gcc_LP64.py:2905: Warning: exception TypeLookupError(['std::ostream &'],) in wrapper public: virtual retval? ???::Print (params?) const = 0;
  is_pure_virtual=True, is_const=True, is_virtual=True)
/home/bhavya/Downloads/ns-allinone-3.19-submitted to vinay sir/ns-3.19/src/visualizer/bindings/modulegen__gcc_LP64.py:2933: Warning: exception TypeLookupError(['std::ostream &'],) in wrapper public: virtual retval? ???::Print (params?) const = 0;
  is_pure_virtual=True, is_const=True, is_virtual=True)
/home/bhavya/Downloads/ns-allinone-3.19-submitted to vinay sir/ns-3.19/src/visualizer/bindings/modulegen__gcc_LP64.py:3049: Warning: exception TypeLookupError(['std::ostream &'],) in wrapper public: virtual retval? ???::Print (params?) const;
  is_const=True, is_virtual=True)
/home/bhavya/Downloads/ns-allinone-3.19-submitted to vinay sir/ns-3.19/src/visualizer/bindings/modulegen__gcc_LP64.py:3177: Warning: exception TypeLookupError(['std::ostream &'],) in wrapper public: virtual retval? ???::Print (params?) const;
  is_const=True, is_virtual=True)
/home/bhavya/Downloads/ns-allinone-3.19-submitted to vinay sir/ns-3.19/src/visualizer/bindings/modulegen__gcc_LP64.py:3569: Warning: exception TypeConfigurationError('direction not given',) in wrapper public: retval? ???::Recv (params?);
  [param('uint8_t *', 'buf'), param('uint32_t', 'size'), param('uint32_t', 'flags')])
/home/bhavya/Downloads/ns-allinone-3.19-submitted to vinay sir/ns-3.19/src/visualizer/bindings/modulegen__gcc_LP64.py:3582: Warning: exception TypeConfigurationError('direction not given',) in wrapper public: retval? ???::RecvFrom (params?);
  [param('uint8_t *', 'buf'), param('uint32_t', 'size'), param('uint32_t', 'flags'), param('ns3::Address &', 'fromAddress')])
/home/bhavya/Downloads/ns-allinone-3.19-submitted to vinay sir/ns-3.19/src/visualizer/bindings/modulegen__gcc_LP64.py:3595: Warning: exception TypeConfigurationError('direction not given',) in wrapper public: retval? ???::Send (params?);
  [param('uint8_t const *', 'buf'), param('uint32_t', 'size'), param('uint32_t', 'flags')])
/home/bhavya/Downloads/ns-allinone-3.19-submitted to vinay sir/ns-3.19/src/visualizer/bindings/modulegen__gcc_LP64.py:3604: Warning: exception TypeConfigurationError('direction not given',) in wrapper public: retval? ???::SendTo (params?);
  [param('uint8_t const *', 'buf'), param('uint32_t', 'size'), param('uint32_t', 'flags'), param('ns3::Address const &', 'address')])
/home/bhavya/Downloads/ns-allinone-3.19-submitted to vinay sir/ns-3.19/src/visualizer/bindings/modulegen__gcc_LP64.py:3788: Warning: exception TypeLookupError(['std::ostream &'],) in wrapper public: virtual retval? ???::Print (params?) const;
  is_const=True, is_virtual=True)
/home/bhavya/Downloads/ns-allinone-3.19-submitted to vinay sir/ns-3.19/src/visualizer/bindings/modulegen__gcc_LP64.py:3834: Warning: exception TypeLookupError(['std::ostream &'],) in wrapper public: virtual retval? ???::Print (params?) const;
  is_const=True, is_virtual=True)
/home/bhavya/Downloads/ns-allinone-3.19-submitted to vinay sir/ns-3.19/src/visualizer/bindings/modulegen__gcc_LP64.py:3880: Warning: exception TypeLookupError(['std::ostream &'],) in wrapper public: virtual retval? ???::Print (params?) const;
  is_const=True, is_virtual=True)
/home/bhavya/Downloads/ns-allinone-3.19-submitted to vinay sir/ns-3.19/src/visualizer/bindings/modulegen__gcc_LP64.py:3926: Warning: exception TypeLookupError(['std::ostream &'],) in wrapper public: virtual retval? ???::Print (params?) const;
  is_const=True, is_virtual=True)
/home/bhavya/Downloads/ns-allinone-3.19-submitted to vinay sir/ns-3.19/src/visualizer/bindings/modulegen__gcc_LP64.py:3972: Warning: exception TypeLookupError(['std::ostream &'],) in wrapper public: virtual retval? ???::Print (params?) const;
  is_const=True, is_virtual=True)
/home/bhavya/Downloads/ns-allinone-3.19-submitted to vinay sir/ns-3.19/src/visualizer/bindings/modulegen__gcc_LP64.py:4026: Warning: exception TypeLookupError(['std::ostream &'],) in wrapper public: virtual retval? ???::Print (params?) const;
  is_const=True, is_virtual=True)
/home/bhavya/Downloads/ns-allinone-3.19-submitted to vinay sir/ns-3.19/src/visualizer/bindings/modulegen__gcc_LP64.py:4257: Warning: exception TypeLookupError(['std::ostream &'],) in wrapper public: virtual retval? ???::Print (params?) const = 0;
  is_pure_virtual=True, is_const=True, is_virtual=True)
/home/bhavya/Downloads/ns-allinone-3.19-submitted to vinay sir/ns-3.19/src/visualizer/bindings/modulegen__gcc_LP64.py:4485: Warning: exception TypeLookupError(['ns3::Callback< void, ns3::Ptr< ns3::Packet >, ns3::Ipv4Address, ns3::Ipv4Address, unsigned char, ns3::Ptr< ns3::Ipv4Route >, ns3::empty, ns3::empty, ns3::empty, ns3::empty >'],) in wrapper public: virtual retval? ???::GetDownTarget (params?) const = 0;
  is_pure_virtual=True, is_const=True, is_virtual=True)
/home/bhavya/Downloads/ns-allinone-3.19-submitted to vinay sir/ns-3.19/src/visualizer/bindings/modulegen__gcc_LP64.py:4490: Warning: exception TypeLookupError(['ns3::Callback< void, ns3::Ptr< ns3::Packet >, ns3::Ipv6Address, ns3::Ipv6Address, unsigned char, ns3::Ptr< ns3::Ipv6Route >, ns3::empty, ns3::empty, ns3::empty, ns3::empty >'],) in wrapper public: virtual retval? ???::GetDownTarget6 (params?) const = 0;
  is_pure_virtual=True, is_const=True, is_virtual=True)
/home/bhavya/Downloads/ns-allinone-3.19-submitted to vinay sir/ns-3.19/src/visualizer/bindings/modulegen__gcc_LP64.py:4505: Warning: exception TypeLookupError(['ns3::Ptr< ns3::Ipv4Interface >', 'ns3::Ipv4Interface *'],) in wrapper public: virtual retval? ???::Receive (params?) = 0;
  is_pure_virtual=True, is_virtual=True)
/home/bhavya/Downloads/ns-allinone-3.19-submitted to vinay sir/ns-3.19/src/visualizer/bindings/modulegen__gcc_LP64.py:4515: Warning: exception TypeConfigurationError('direction not given',) in wrapper public: virtual retval? ???::ReceiveIcmp (params?);
  is_virtual=True)
/home/bhavya/Downloads/ns-allinone-3.19-submitted to vinay sir/ns-3.19/src/visualizer/bindings/modulegen__gcc_LP64.py:4520: Warning: exception TypeConfigurationError('direction not given',) in wrapper public: virtual retval? ???::ReceiveIcmp (params?);
  is_virtual=True)
/home/bhavya/Downloads/ns-allinone-3.19-submitted to vinay sir/ns-3.19/src/visualizer/bindings/modulegen__gcc_LP64.py:4525: Warning: exception TypeLookupError(['ns3::Callback< void, ns3::Ptr< ns3::Packet >, ns3::Ipv4Address, ns3::Ipv4Address, unsigned char, ns3::Ptr< ns3::Ipv4Route >, ns3::empty, ns3::empty, ns3::empty, ns3::empty >'],) in wrapper public: virtual retval? ???::SetDownTarget (params?) = 0;
  is_pure_virtual=True, is_virtual=True)
/home/bhavya/Downloads/ns-allinone-3.19-submitted to vinay sir/ns-3.19/src/visualizer/bindings/modulegen__gcc_LP64.py:4530: Warning: exception TypeLookupError(['ns3::Callback< void, ns3::Ptr< ns3::Packet >, ns3::Ipv6Address, ns3::Ipv6Address, unsigned char, ns3::Ptr< ns3::Ipv6Route >, ns3::empty, ns3::empty, ns3::empty, ns3::empty >'],) in wrapper public: virtual retval? ???::SetDownTarget6 (params?) = 0;
  is_pure_virtual=True, is_virtual=True)
/home/bhavya/Downloads/ns-allinone-3.19-submitted to vinay sir/ns-3.19/src/visualizer/bindings/modulegen__gcc_LP64.py:4784: Warning: exception TypeLookupError(['ns3::Ptr< ns3::Ipv4Interface >', 'ns3::Ipv4Interface *'],) in wrapper public: retval? ???::GetInterface (params?) const;
  is_const=True)
/home/bhavya/Downloads/ns-allinone-3.19-submitted to vinay sir/ns-3.19/src/visualizer/bindings/modulegen__gcc_LP64.py:5135: Warning: exception TypeLookupError(['ns3::Callback< void, ns3::Ptr< ns3::Ipv4Route >, ns3::Ptr< ns3::Packet const >, ns3::Ipv4Header const &, ns3::empty, ns3::empty, ns3::empty, ns3::empty, ns3::empty, ns3::empty >'],) in wrapper public: virtual retval? ???::RouteInput (params?) = 0;
  is_pure_virtual=True, is_virtual=True)
/home/bhavya/Downloads/ns-allinone-3.19-submitted to vinay sir/ns-3.19/src/visualizer/bindings/modulegen__gcc_LP64.py:5422: Warning: exception TypeLookupError(['ns3::Callback< void, ns3::empty, ns3::empty, ns3::empty, ns3::empty, ns3::empty, ns3::empty, ns3::empty, ns3::empty, ns3::empty >'],) in wrapper public: virtual retval? ???::AddLinkChangeCallback (params?) = 0;
  is_pure_virtual=True, is_virtual=True)
/home/bhavya/Downloads/ns-allinone-3.19-submitted to vinay sir/ns-3.19/src/visualizer/bindings/modulegen__gcc_LP64.py:5532: Warning: exception TypeLookupError(['ns3::Callback< bool, ns3::Ptr< ns3::NetDevice >, ns3::Ptr< ns3::Packet const >, short unsigned int, ns3::Address const &, ns3::Address const &, ns3::NetDevice::PacketType, ns3::empty, ns3::empty, ns3::empty >'],) in wrapper public: virtual retval? ???::SetPromiscReceiveCallback (params?) = 0;
  is_pure_virtual=True, is_virtual=True)
/home/bhavya/Downloads/ns-allinone-3.19-submitted to vinay sir/ns-3.19/src/visualizer/bindings/modulegen__gcc_LP64.py:5537: Warning: exception TypeLookupError(['ns3::Callback< bool, ns3::Ptr< ns3::NetDevice >, ns3::Ptr< ns3::Packet const >, short unsigned int, ns3::Address const &, ns3::empty, ns3::empty, ns3::empty, ns3::empty, ns3::empty >'],) in wrapper public: virtual retval? ???::SetReceiveCallback (params?) = 0;
  is_pure_virtual=True, is_virtual=True)
/home/bhavya/Downloads/ns-allinone-3.19-submitted to vinay sir/ns-3.19/src/visualizer/bindings/modulegen__gcc_LP64.py:5599: Warning: exception TypeLookupError(['ns3::Ptr< ns3::Application >', 'ns3::Application *'],) in wrapper public: retval? ???::AddApplication (params?);
  [param('ns3::Ptr< ns3::Application >', 'application')])
/home/bhavya/Downloads/ns-allinone-3.19-submitted to vinay sir/ns-3.19/src/visualizer/bindings/modulegen__gcc_LP64.py:5613: Warning: exception TypeLookupError(['ns3::Ptr< ns3::Application >', 'ns3::Application *'],) in wrapper public: retval? ???::GetApplication (params?) const;
  is_const=True)
/home/bhavya/Downloads/ns-allinone-3.19-submitted to vinay sir/ns-3.19/src/visualizer/bindings/modulegen__gcc_LP64.py:5647: Warning: exception TypeLookupError(['ns3::Callback< void, ns3::Ptr< ns3::NetDevice >, ns3::empty, ns3::empty, ns3::empty, ns3::empty, ns3::empty, ns3::empty, ns3::empty, ns3::empty >'],) in wrapper public: retval? ???::RegisterDeviceAdditionListener (params?);
  [param('ns3::Callback< void, ns3::Ptr< ns3::NetDevice >, ns3::empty, ns3::empty, ns3::empty, ns3::empty, ns3::empty, ns3::empty, ns3::empty, ns3::empty >', 'listener')])
/home/bhavya/Downloads/ns-allinone-3.19-submitted to vinay sir/ns-3.19/src/visualizer/bindings/modulegen__gcc_LP64.py:5655: Warning: exception TypeLookupError(['ns3::Callback< void, ns3::Ptr< ns3::NetDevice >, ns3::empty, ns3::empty, ns3::empty, ns3::empty, ns3::empty, ns3::empty, ns3::empty, ns3::empty >'],) in wrapper public: retval? ???::UnregisterDeviceAdditionListener (params?);
  [param('ns3::Callback< void, ns3::Ptr< ns3::NetDevice >, ns3::empty, ns3::empty, ns3::empty, ns3::empty, ns3::empty, ns3::empty, ns3::empty, ns3::empty >', 'listener')])
/home/bhavya/Downloads/ns-allinone-3.19-submitted to vinay sir/ns-3.19/src/visualizer/bindings/modulegen__gcc_LP64.py:5718: Warning: exception TypeLookupError(['std::ostream *'],) in wrapper <pybindgen.cppmethod.CppConstructor object at 0x7f0950681a90>
  cls.add_constructor([param('std::ostream *', 'os')])
/home/bhavya/Downloads/ns-allinone-3.19-submitted to vinay sir/ns-3.19/src/visualizer/bindings/modulegen__gcc_LP64.py:5722: Warning: exception TypeLookupError(['std::ostream *'],) in wrapper public: retval? ???::GetStream (params?);
  [])
/home/bhavya/Downloads/ns-allinone-3.19-submitted to vinay sir/ns-3.19/src/visualizer/bindings/modulegen__gcc_LP64.py:5734: Warning: exception TypeConfigurationError('direction not given',) in wrapper <pybindgen.cppmethod.CppConstructor object at 0x7f095060a890>
  cls.add_constructor([param('uint8_t const *', 'buffer'), param('uint32_t', 'size'), param('bool', 'magic')])
/home/bhavya/Downloads/ns-allinone-3.19-submitted to vinay sir/ns-3.19/src/visualizer/bindings/modulegen__gcc_LP64.py:5736: Warning: exception TypeConfigurationError('direction not given',) in wrapper <pybindgen.cppmethod.CppConstructor object at 0x7f095060a8d0>
  cls.add_constructor([param('uint8_t const *', 'buffer'), param('uint32_t', 'size')])
/home/bhavya/Downloads/ns-allinone-3.19-submitted to vinay sir/ns-3.19/src/visualizer/bindings/modulegen__gcc_LP64.py:5777: Warning: exception TypeConfigurationError('direction not given',) in wrapper public: retval? ???::CopyData (params?) const;
  is_const=True)
/home/bhavya/Downloads/ns-allinone-3.19-submitted to vinay sir/ns-3.19/src/visualizer/bindings/modulegen__gcc_LP64.py:5782: Warning: exception TypeLookupError(['std::ostream *'],) in wrapper public: retval? ???::CopyData (params?) const;
  is_const=True)
/home/bhavya/Downloads/ns-allinone-3.19-submitted to vinay sir/ns-3.19/src/visualizer/bindings/modulegen__gcc_LP64.py:5837: Warning: exception TypeLookupError(['uint8_t *'],) in wrapper public: retval? ???::PeekData (params?) const;
  deprecated=True, is_const=True)
/home/bhavya/Downloads/ns-allinone-3.19-submitted to vinay sir/ns-3.19/src/visualizer/bindings/modulegen__gcc_LP64.py:5856: Warning: exception TypeLookupError(['std::ostream &'],) in wrapper public: retval? ???::Print (params?) const;
  is_const=True)
/home/bhavya/Downloads/ns-allinone-3.19-submitted to vinay sir/ns-3.19/src/visualizer/bindings/modulegen__gcc_LP64.py:5861: Warning: exception TypeLookupError(['std::ostream &'],) in wrapper public: retval? ???::PrintByteTags (params?) const;
  is_const=True)
/home/bhavya/Downloads/ns-allinone-3.19-submitted to vinay sir/ns-3.19/src/visualizer/bindings/modulegen__gcc_LP64.py:5866: Warning: exception TypeLookupError(['std::ostream &'],) in wrapper public: retval? ???::PrintPacketTags (params?) const;
  is_const=True)
/home/bhavya/Downloads/ns-allinone-3.19-submitted to vinay sir/ns-3.19/src/visualizer/bindings/modulegen__gcc_LP64.py:5903: Warning: exception TypeConfigurationError('direction not given',) in wrapper public: retval? ???::Serialize (params?) const;
  is_const=True)
/home/bhavya/Downloads/ns-allinone-3.19-submitted to vinay sir/ns-3.19/src/visualizer/bindings/modulegen__gcc_LP64.py:6071: Warning: exception TypeLookupError(['ns3::Hash::Hash32Function_ptr'],) in wrapper <pybindgen.cppmethod.CppConstructor object at 0x7f09505ba290>
  cls.add_constructor([param('ns3::Hash::Hash32Function_ptr', 'hp')])
/home/bhavya/Downloads/ns-allinone-3.19-submitted to vinay sir/ns-3.19/src/visualizer/bindings/modulegen__gcc_LP64.py:6088: Warning: exception TypeLookupError(['ns3::Hash::Hash64Function_ptr'],) in wrapper <pybindgen.cppmethod.CppConstructor object at 0x7f09505c2350>
  cls.add_constructor([param('ns3::Hash::Hash64Function_ptr', 'hp')])
/home/bhavya/Downloads/ns-allinone-3.19-submitted to vinay sir/pybindgen-0.16.0.834/pybindgen/cppclass_typehandlers.py:1098: UserWarning: Returning shared pointers is dangerous!  The C++ API should be redesigned to avoid this situation.
  warnings.warn("Returning shared pointers is dangerous!"
