>>>>>>>>>>>>>>>> [['bool', 'ns3::Ptr<ns3::NetDevice>', 'ns3::Ptr<ns3::Packet const>', 'unsigned short', 'ns3::Address const&', 'ns3::Address const&', 'ns3::NetDevice::PacketType', 'ns3::empty', 'ns3::empty', 'ns3::empty'], ['bool', 'ns3::Ptr<ns3::NetDevice>', 'ns3::Ptr<ns3::Packet const>', 'unsigned short', 'ns3::Address const&', 'ns3::empty', 'ns3::empty', 'ns3::empty', 'ns3::empty', 'ns3::empty'], ['bool', 'ns3::Ptr<ns3::Packet>', 'ns3::Address const&', 'ns3::Address const&', 'unsigned short', 'ns3::empty', 'ns3::empty', 'ns3::empty', 'ns3::empty', 'ns3::empty'], ['void', 'ns3::Ptr<ns3::NetDevice>', 'ns3::Ptr<ns3::Packet const>', 'unsigned short', 'ns3::Address const&', 'ns3::Address const&', 'ns3::NetDevice::PacketType', 'ns3::empty', 'ns3::empty', 'ns3::empty']]
***** registering callback handler: 'ns3::Callback< bool, ns3::Ptr< ns3::NetDevice >, ns3::Ptr< ns3::Packet const >, unsigned short, ns3::Address const &, ns3::Address const &, ns3::NetDevice::PacketType, ns3::empty, ns3::empty, ns3::empty >'
***** registering callback handler: 'ns3::Callback< bool, ns3::Ptr< ns3::NetDevice >, ns3::Ptr< ns3::Packet const >, unsigned short, ns3::Address const &, ns3::empty, ns3::empty, ns3::empty, ns3::empty, ns3::empty >'
***** registering callback handler: 'ns3::Callback< bool, ns3::Ptr< ns3::Packet >, ns3::Address const &, ns3::Address const &, unsigned short, ns3::empty, ns3::empty, ns3::empty, ns3::empty, ns3::empty >'
***** registering callback handler: 'ns3::Callback< void, ns3::Ptr< ns3::NetDevice >, ns3::Ptr< ns3::Packet const >, unsigned short, ns3::Address const &, ns3::Address const &, ns3::NetDevice::PacketType, ns3::empty, ns3::empty, ns3::empty >'
/home/bhavya/Downloads/ns-allinone-3.19-submitted to vinay sir/ns-3.19/src/virtual-net-device/bindings/modulegen__gcc_LP64.py:310: Warning: exception TypeConfigurationError('direction not given',) in wrapper <pybindgen.cppmethod.CppConstructor object at 0x7f0df14d0190>
  cls.add_constructor([param('uint8_t', 'type'), param('uint8_t const *', 'buffer'), param('uint8_t', 'len')])
/home/bhavya/Downloads/ns-allinone-3.19-submitted to vinay sir/ns-3.19/src/virtual-net-device/bindings/modulegen__gcc_LP64.py:321: Warning: exception TypeConfigurationError('direction not given',) in wrapper public: retval? ???::CopyAllFrom (params?);
  [param('uint8_t const *', 'buffer'), param('uint8_t', 'len')])
/home/bhavya/Downloads/ns-allinone-3.19-submitted to vinay sir/ns-3.19/src/virtual-net-device/bindings/modulegen__gcc_LP64.py:326: Warning: exception TypeConfigurationError('direction not given',) in wrapper public: retval? ???::CopyAllTo (params?) const;
  is_const=True)
/home/bhavya/Downloads/ns-allinone-3.19-submitted to vinay sir/ns-3.19/src/virtual-net-device/bindings/modulegen__gcc_LP64.py:330: Warning: exception TypeConfigurationError('direction not given',) in wrapper public: retval? ???::CopyFrom (params?);
  [param('uint8_t const *', 'buffer'), param('uint8_t', 'len')])
/home/bhavya/Downloads/ns-allinone-3.19-submitted to vinay sir/ns-3.19/src/virtual-net-device/bindings/modulegen__gcc_LP64.py:335: Warning: exception TypeConfigurationError('direction not given',) in wrapper public: retval? ???::CopyTo (params?) const;
  is_const=True)
/home/bhavya/Downloads/ns-allinone-3.19-submitted to vinay sir/ns-3.19/src/virtual-net-device/bindings/modulegen__gcc_LP64.py:385: Warning: exception TypeLookupError(['std::_List_const_iterator< ns3::AttributeConstructionList::Item >'],) in wrapper public: retval? ???::Begin (params?) const;
  is_const=True)
/home/bhavya/Downloads/ns-allinone-3.19-submitted to vinay sir/ns-3.19/src/virtual-net-device/bindings/modulegen__gcc_LP64.py:390: Warning: exception TypeLookupError(['std::_List_const_iterator< ns3::AttributeConstructionList::Item >'],) in wrapper public: retval? ???::End (params?) const;
  is_const=True)
/home/bhavya/Downloads/ns-allinone-3.19-submitted to vinay sir/ns-3.19/src/virtual-net-device/bindings/modulegen__gcc_LP64.py:441: Warning: exception TypeLookupError(['std::ostream *'],) in wrapper public: retval? ???::CopyData (params?) const;
  is_const=True)
/home/bhavya/Downloads/ns-allinone-3.19-submitted to vinay sir/ns-3.19/src/virtual-net-device/bindings/modulegen__gcc_LP64.py:446: Warning: exception TypeConfigurationError('direction not given',) in wrapper public: retval? ???::CopyData (params?) const;
  is_const=True)
/home/bhavya/Downloads/ns-allinone-3.19-submitted to vinay sir/ns-3.19/src/virtual-net-device/bindings/modulegen__gcc_LP64.py:460: Warning: exception TypeConfigurationError('direction not given',) in wrapper public: retval? ???::Deserialize (params?);
  [param('uint8_t const *', 'buffer'), param('uint32_t', 'size')])
/home/bhavya/Downloads/ns-allinone-3.19-submitted to vinay sir/ns-3.19/src/virtual-net-device/bindings/modulegen__gcc_LP64.py:490: Warning: exception TypeLookupError(['uint8_t *'],) in wrapper public: retval? ???::PeekData (params?) const;
  is_const=True)
/home/bhavya/Downloads/ns-allinone-3.19-submitted to vinay sir/ns-3.19/src/virtual-net-device/bindings/modulegen__gcc_LP64.py:503: Warning: exception TypeConfigurationError('direction not given',) in wrapper public: retval? ???::Serialize (params?) const;
  is_const=True)
/home/bhavya/Downloads/ns-allinone-3.19-submitted to vinay sir/ns-3.19/src/virtual-net-device/bindings/modulegen__gcc_LP64.py:558: Warning: exception TypeConfigurationError('direction not given',) in wrapper public: retval? ???::Read (params?);
  [param('uint8_t *', 'buffer'), param('uint32_t', 'size')])
/home/bhavya/Downloads/ns-allinone-3.19-submitted to vinay sir/ns-3.19/src/virtual-net-device/bindings/modulegen__gcc_LP64.py:602: Warning: exception TypeConfigurationError('direction not given',) in wrapper public: retval? ???::Write (params?);
  [param('uint8_t const *', 'buffer'), param('uint32_t', 'size')])
/home/bhavya/Downloads/ns-allinone-3.19-submitted to vinay sir/ns-3.19/src/virtual-net-device/bindings/modulegen__gcc_LP64.py:836: Warning: exception TypeConfigurationError('direction not given',) in wrapper public: retval? ???::Deserialize (params?);
  is_static=True)
/home/bhavya/Downloads/ns-allinone-3.19-submitted to vinay sir/ns-3.19/src/virtual-net-device/bindings/modulegen__gcc_LP64.py:901: Warning: exception TypeLookupError(['std::ostream &'],) in wrapper public: retval? ???::Print (params?) const;
  is_const=True)
/home/bhavya/Downloads/ns-allinone-3.19-submitted to vinay sir/ns-3.19/src/virtual-net-device/bindings/modulegen__gcc_LP64.py:906: Warning: exception TypeConfigurationError('direction not given',) in wrapper public: retval? ???::Serialize (params?) const;
  is_const=True)
/home/bhavya/Downloads/ns-allinone-3.19-submitted to vinay sir/ns-3.19/src/virtual-net-device/bindings/modulegen__gcc_LP64.py:973: Warning: exception TypeLookupError(['std::ostream &'],) in wrapper public: retval? ???::Print (params?) const;
  is_const=True)
/home/bhavya/Downloads/ns-allinone-3.19-submitted to vinay sir/ns-3.19/src/virtual-net-device/bindings/modulegen__gcc_LP64.py:990: Warning: exception TypeConfigurationError('direction not given',) in wrapper <pybindgen.cppmethod.CppConstructor object at 0x7f0df12b5fd0>
  cls.add_constructor([param('uint8_t *', 'address')])
/home/bhavya/Downloads/ns-allinone-3.19-submitted to vinay sir/ns-3.19/src/virtual-net-device/bindings/modulegen__gcc_LP64.py:1008: Warning: exception TypeConfigurationError('direction not given',) in wrapper public: retval? ???::Deserialize (params?);
  is_static=True)
/home/bhavya/Downloads/ns-allinone-3.19-submitted to vinay sir/ns-3.19/src/virtual-net-device/bindings/modulegen__gcc_LP64.py:1033: Warning: exception TypeConfigurationError('direction not given',) in wrapper public: retval? ???::GetBytes (params?) const;
  is_const=True)
/home/bhavya/Downloads/ns-allinone-3.19-submitted to vinay sir/ns-3.19/src/virtual-net-device/bindings/modulegen__gcc_LP64.py:1123: Warning: exception TypeLookupError(['ns3::Mac16Address'],) in wrapper public: retval? ???::MakeAutoconfiguredAddress (params?);
  is_static=True)
/home/bhavya/Downloads/ns-allinone-3.19-submitted to vinay sir/ns-3.19/src/virtual-net-device/bindings/modulegen__gcc_LP64.py:1128: Warning: exception TypeLookupError(['ns3::Mac48Address'],) in wrapper public: retval? ???::MakeAutoconfiguredAddress (params?);
  is_static=True)
/home/bhavya/Downloads/ns-allinone-3.19-submitted to vinay sir/ns-3.19/src/virtual-net-device/bindings/modulegen__gcc_LP64.py:1133: Warning: exception TypeLookupError(['ns3::Mac64Address'],) in wrapper public: retval? ???::MakeAutoconfiguredAddress (params?);
  is_static=True)
/home/bhavya/Downloads/ns-allinone-3.19-submitted to vinay sir/ns-3.19/src/virtual-net-device/bindings/modulegen__gcc_LP64.py:1138: Warning: exception TypeLookupError(['ns3::Mac16Address'],) in wrapper public: retval? ???::MakeAutoconfiguredLinkLocalAddress (params?);
  is_static=True)
/home/bhavya/Downloads/ns-allinone-3.19-submitted to vinay sir/ns-3.19/src/virtual-net-device/bindings/modulegen__gcc_LP64.py:1143: Warning: exception TypeLookupError(['ns3::Mac48Address'],) in wrapper public: retval? ???::MakeAutoconfiguredLinkLocalAddress (params?);
  is_static=True)
/home/bhavya/Downloads/ns-allinone-3.19-submitted to vinay sir/ns-3.19/src/virtual-net-device/bindings/modulegen__gcc_LP64.py:1148: Warning: exception TypeLookupError(['ns3::Mac64Address'],) in wrapper public: retval? ???::MakeAutoconfiguredLinkLocalAddress (params?);
  is_static=True)
/home/bhavya/Downloads/ns-allinone-3.19-submitted to vinay sir/ns-3.19/src/virtual-net-device/bindings/modulegen__gcc_LP64.py:1163: Warning: exception TypeLookupError(['std::ostream &'],) in wrapper public: retval? ???::Print (params?) const;
  is_const=True)
/home/bhavya/Downloads/ns-allinone-3.19-submitted to vinay sir/ns-3.19/src/virtual-net-device/bindings/modulegen__gcc_LP64.py:1168: Warning: exception TypeConfigurationError('direction not given',) in wrapper public: retval? ???::Serialize (params?) const;
  is_const=True)
/home/bhavya/Downloads/ns-allinone-3.19-submitted to vinay sir/ns-3.19/src/virtual-net-device/bindings/modulegen__gcc_LP64.py:1176: Warning: exception TypeConfigurationError('direction not given',) in wrapper public: retval? ???::Set (params?);
  [param('uint8_t *', 'address')])
/home/bhavya/Downloads/ns-allinone-3.19-submitted to vinay sir/ns-3.19/src/virtual-net-device/bindings/modulegen__gcc_LP64.py:1186: Warning: exception TypeConfigurationError('direction not given',) in wrapper <pybindgen.cppmethod.CppConstructor object at 0x7f0df128b4d0>
  cls.add_constructor([param('uint8_t *', 'prefix')])
/home/bhavya/Downloads/ns-allinone-3.19-submitted to vinay sir/ns-3.19/src/virtual-net-device/bindings/modulegen__gcc_LP64.py:1199: Warning: exception TypeConfigurationError('direction not given',) in wrapper public: retval? ???::GetBytes (params?) const;
  is_const=True)
/home/bhavya/Downloads/ns-allinone-3.19-submitted to vinay sir/ns-3.19/src/virtual-net-device/bindings/modulegen__gcc_LP64.py:1234: Warning: exception TypeLookupError(['std::ostream &'],) in wrapper public: retval? ???::Print (params?) const;
  is_const=True)
/home/bhavya/Downloads/ns-allinone-3.19-submitted to vinay sir/ns-3.19/src/virtual-net-device/bindings/modulegen__gcc_LP64.py:1307: Warning: exception TypeConfigurationError('Missing transfer_ownership option',) in wrapper public: retval? ???::Delete (params?);
  is_static=True)
/home/bhavya/Downloads/ns-allinone-3.19-submitted to vinay sir/ns-3.19/src/virtual-net-device/bindings/modulegen__gcc_LP64.py:1344: Warning: exception TypeConfigurationError('direction not given',) in wrapper public: retval? ???::Deserialize (params?);
  [param('uint8_t const *', 'buffer'), param('uint32_t', 'size')])
/home/bhavya/Downloads/ns-allinone-3.19-submitted to vinay sir/ns-3.19/src/virtual-net-device/bindings/modulegen__gcc_LP64.py:1385: Warning: exception TypeConfigurationError('direction not given',) in wrapper public: retval? ???::Serialize (params?) const;
  is_const=True)
bindings/python/ns3modulegen-modular.py:27: UserWarning: exception TypeLookupError(['uint8_t [ 20 ]'],) in wrapper None
  warnings.warn("exception %r in wrapper %s" % (exception, wrapper))
bindings/python/ns3modulegen-modular.py:27: UserWarning: exception TypeConfigurationError('Either caller_owns_return or self.reference_existing_object must be given',) in wrapper None
  warnings.warn("exception %r in wrapper %s" % (exception, wrapper))
/home/bhavya/Downloads/ns-allinone-3.19-submitted to vinay sir/ns-3.19/src/virtual-net-device/bindings/modulegen__gcc_LP64.py:1537: Warning: exception TypeLookupError(['std::ostream &'],) in wrapper public: virtual retval? ???::Print (params?) const = 0;
  is_pure_virtual=True, is_const=True, is_virtual=True)
/home/bhavya/Downloads/ns-allinone-3.19-submitted to vinay sir/ns-3.19/src/virtual-net-device/bindings/modulegen__gcc_LP64.py:1549: Warning: exception TypeConfigurationError('direction not given',) in wrapper <pybindgen.cppmethod.CppConstructor object at 0x7f0df10aaa90>
  cls.add_constructor([param('uint8_t *', 'start'), param('uint8_t *', 'end')])
/home/bhavya/Downloads/ns-allinone-3.19-submitted to vinay sir/ns-3.19/src/virtual-net-device/bindings/modulegen__gcc_LP64.py:1557: Warning: exception TypeConfigurationError('direction not given',) in wrapper public: retval? ???::Read (params?);
  [param('uint8_t *', 'buffer'), param('uint32_t', 'size')])
/home/bhavya/Downloads/ns-allinone-3.19-submitted to vinay sir/ns-3.19/src/virtual-net-device/bindings/modulegen__gcc_LP64.py:1585: Warning: exception TypeConfigurationError('direction not given',) in wrapper public: retval? ???::Write (params?);
  [param('uint8_t const *', 'buffer'), param('uint32_t', 'size')])
/home/bhavya/Downloads/ns-allinone-3.19-submitted to vinay sir/ns-3.19/src/virtual-net-device/bindings/modulegen__gcc_LP64.py:1650: Warning: exception TypeLookupError(['ns3::Callback< ns3::ObjectBase *, ns3::empty, ns3::empty, ns3::empty, ns3::empty, ns3::empty, ns3::empty, ns3::empty, ns3::empty, ns3::empty >'],) in wrapper public: retval? ???::GetConstructor (params?) const;
  is_const=True)
/home/bhavya/Downloads/ns-allinone-3.19-submitted to vinay sir/ns-3.19/src/virtual-net-device/bindings/modulegen__gcc_LP64.py:1729: Warning: exception TypeConfigurationError('Missing transfer_ownership option',) in wrapper public: retval? ???::LookupByHashFailSafe (params?);
  is_static=True)
/home/bhavya/Downloads/ns-allinone-3.19-submitted to vinay sir/ns-3.19/src/virtual-net-device/bindings/modulegen__gcc_LP64.py:1823: Warning: exception TypeLookupError(['std::ostream &'],) in wrapper public: virtual retval? ???::Print (params?) const = 0;
  is_pure_virtual=True, is_const=True, is_virtual=True)
/home/bhavya/Downloads/ns-allinone-3.19-submitted to vinay sir/ns-3.19/src/virtual-net-device/bindings/modulegen__gcc_LP64.py:1851: Warning: exception TypeLookupError(['std::ostream &'],) in wrapper public: virtual retval? ???::Print (params?) const = 0;
  is_pure_virtual=True, is_const=True, is_virtual=True)
/home/bhavya/Downloads/ns-allinone-3.19-submitted to vinay sir/ns-3.19/src/virtual-net-device/bindings/modulegen__gcc_LP64.py:2073: Warning: exception TypeLookupError(['std::ostream &'],) in wrapper public: virtual retval? ???::Print (params?) const = 0;
  is_pure_virtual=True, is_const=True, is_virtual=True)
/home/bhavya/Downloads/ns-allinone-3.19-submitted to vinay sir/ns-3.19/src/virtual-net-device/bindings/modulegen__gcc_LP64.py:2410: Warning: exception TypeLookupError(['ns3::Callback< void, ns3::empty, ns3::empty, ns3::empty, ns3::empty, ns3::empty, ns3::empty, ns3::empty, ns3::empty, ns3::empty >'],) in wrapper public: virtual retval? ???::AddLinkChangeCallback (params?) = 0;
  is_pure_virtual=True, is_virtual=True)
/home/bhavya/Downloads/ns-allinone-3.19-submitted to vinay sir/ns-3.19/src/virtual-net-device/bindings/modulegen__gcc_LP64.py:2425: Warning: exception TypeLookupError(['ns3::Ptr< ns3::Channel >', 'ns3::Channel *'],) in wrapper public: virtual retval? ???::GetChannel (params?) const = 0;
  is_pure_virtual=True, is_const=True, is_virtual=True)
/home/bhavya/Downloads/ns-allinone-3.19-submitted to vinay sir/ns-3.19/src/virtual-net-device/bindings/modulegen__gcc_LP64.py:2587: Warning: exception TypeLookupError(['ns3::Ptr< ns3::Application >', 'ns3::Application *'],) in wrapper public: retval? ???::AddApplication (params?);
  [param('ns3::Ptr< ns3::Application >', 'application')])
/home/bhavya/Downloads/ns-allinone-3.19-submitted to vinay sir/ns-3.19/src/virtual-net-device/bindings/modulegen__gcc_LP64.py:2601: Warning: exception TypeLookupError(['ns3::Ptr< ns3::Application >', 'ns3::Application *'],) in wrapper public: retval? ???::GetApplication (params?) const;
  is_const=True)
/home/bhavya/Downloads/ns-allinone-3.19-submitted to vinay sir/ns-3.19/src/virtual-net-device/bindings/modulegen__gcc_LP64.py:2635: Warning: exception TypeLookupError(['ns3::Callback< void, ns3::Ptr< ns3::NetDevice >, ns3::empty, ns3::empty, ns3::empty, ns3::empty, ns3::empty, ns3::empty, ns3::empty, ns3::empty >'],) in wrapper public: retval? ???::RegisterDeviceAdditionListener (params?);
  [param('ns3::Callback< void, ns3::Ptr< ns3::NetDevice >, ns3::empty, ns3::empty, ns3::empty, ns3::empty, ns3::empty, ns3::empty, ns3::empty, ns3::empty >', 'listener')])
/home/bhavya/Downloads/ns-allinone-3.19-submitted to vinay sir/ns-3.19/src/virtual-net-device/bindings/modulegen__gcc_LP64.py:2643: Warning: exception TypeLookupError(['ns3::Callback< void, ns3::Ptr< ns3::NetDevice >, ns3::empty, ns3::empty, ns3::empty, ns3::empty, ns3::empty, ns3::empty, ns3::empty, ns3::empty >'],) in wrapper public: retval? ???::UnregisterDeviceAdditionListener (params?);
  [param('ns3::Callback< void, ns3::Ptr< ns3::NetDevice >, ns3::empty, ns3::empty, ns3::empty, ns3::empty, ns3::empty, ns3::empty, ns3::empty, ns3::empty >', 'listener')])
/home/bhavya/Downloads/ns-allinone-3.19-submitted to vinay sir/ns-3.19/src/virtual-net-device/bindings/modulegen__gcc_LP64.py:2669: Warning: exception TypeConfigurationError('direction not given',) in wrapper <pybindgen.cppmethod.CppConstructor object at 0x7f0df0decb50>
  cls.add_constructor([param('uint8_t const *', 'buffer'), param('uint32_t', 'size'), param('bool', 'magic')])
/home/bhavya/Downloads/ns-allinone-3.19-submitted to vinay sir/ns-3.19/src/virtual-net-device/bindings/modulegen__gcc_LP64.py:2671: Warning: exception TypeConfigurationError('direction not given',) in wrapper <pybindgen.cppmethod.CppConstructor object at 0x7f0df0decb90>
  cls.add_constructor([param('uint8_t const *', 'buffer'), param('uint32_t', 'size')])
/home/bhavya/Downloads/ns-allinone-3.19-submitted to vinay sir/ns-3.19/src/virtual-net-device/bindings/modulegen__gcc_LP64.py:2712: Warning: exception TypeConfigurationError('direction not given',) in wrapper public: retval? ???::CopyData (params?) const;
  is_const=True)
/home/bhavya/Downloads/ns-allinone-3.19-submitted to vinay sir/ns-3.19/src/virtual-net-device/bindings/modulegen__gcc_LP64.py:2717: Warning: exception TypeLookupError(['std::ostream *'],) in wrapper public: retval? ???::CopyData (params?) const;
  is_const=True)
/home/bhavya/Downloads/ns-allinone-3.19-submitted to vinay sir/ns-3.19/src/virtual-net-device/bindings/modulegen__gcc_LP64.py:2772: Warning: exception TypeLookupError(['uint8_t *'],) in wrapper public: retval? ???::PeekData (params?) const;
  deprecated=True, is_const=True)
/home/bhavya/Downloads/ns-allinone-3.19-submitted to vinay sir/ns-3.19/src/virtual-net-device/bindings/modulegen__gcc_LP64.py:2791: Warning: exception TypeLookupError(['std::ostream &'],) in wrapper public: retval? ???::Print (params?) const;
  is_const=True)
/home/bhavya/Downloads/ns-allinone-3.19-submitted to vinay sir/ns-3.19/src/virtual-net-device/bindings/modulegen__gcc_LP64.py:2796: Warning: exception TypeLookupError(['std::ostream &'],) in wrapper public: retval? ???::PrintByteTags (params?) const;
  is_const=True)
/home/bhavya/Downloads/ns-allinone-3.19-submitted to vinay sir/ns-3.19/src/virtual-net-device/bindings/modulegen__gcc_LP64.py:2801: Warning: exception TypeLookupError(['std::ostream &'],) in wrapper public: retval? ???::PrintPacketTags (params?) const;
  is_const=True)
/home/bhavya/Downloads/ns-allinone-3.19-submitted to vinay sir/ns-3.19/src/virtual-net-device/bindings/modulegen__gcc_LP64.py:2838: Warning: exception TypeConfigurationError('direction not given',) in wrapper public: retval? ???::Serialize (params?) const;
  is_const=True)
/home/bhavya/Downloads/ns-allinone-3.19-submitted to vinay sir/ns-3.19/src/virtual-net-device/bindings/modulegen__gcc_LP64.py:2894: Warning: exception TypeLookupError(['ns3::Callback< void, ns3::empty, ns3::empty, ns3::empty, ns3::empty, ns3::empty, ns3::empty, ns3::empty, ns3::empty, ns3::empty >'],) in wrapper public: virtual retval? ???::AddLinkChangeCallback (params?);
  is_virtual=True)
/home/bhavya/Downloads/ns-allinone-3.19-submitted to vinay sir/ns-3.19/src/virtual-net-device/bindings/modulegen__gcc_LP64.py:2909: Warning: exception TypeLookupError(['ns3::Ptr< ns3::Channel >', 'ns3::Channel *'],) in wrapper public: virtual retval? ???::GetChannel (params?) const;
  is_const=True, is_virtual=True)
/home/bhavya/Downloads/ns-allinone-3.19-submitted to vinay sir/ns-3.19/src/virtual-net-device/bindings/modulegen__gcc_LP64.py:3130: Warning: exception TypeLookupError(['ns3::Hash::Hash32Function_ptr'],) in wrapper <pybindgen.cppmethod.CppConstructor object at 0x7f0df0cefc10>
  cls.add_constructor([param('ns3::Hash::Hash32Function_ptr', 'hp')])
/home/bhavya/Downloads/ns-allinone-3.19-submitted to vinay sir/ns-3.19/src/virtual-net-device/bindings/modulegen__gcc_LP64.py:3147: Warning: exception TypeLookupError(['ns3::Hash::Hash64Function_ptr'],) in wrapper <pybindgen.cppmethod.CppConstructor object at 0x7f0df0cf9cd0>
  cls.add_constructor([param('ns3::Hash::Hash64Function_ptr', 'hp')])
